<?xml version="1.0" encoding="UTF-8"?>
<testng-results skipped="0" failed="0" ignored="0" total="1" passed="1">
  <reporter-output>
  </reporter-output>
  <suite name="Default suite" duration-ms="1754" started-at="2020-02-09T20:57:58Z" finished-at="2020-02-09T20:58:00Z">
    <groups>
    </groups>
    <test name="Default test" duration-ms="1754" started-at="2020-02-09T20:57:58Z" finished-at="2020-02-09T20:58:00Z">
      <class name="com.test.GET_TC001">
        <test-method status="PASS" signature="Getweathedetails()[pri:0, instance:com.test.GET_TC001@617faa95]" name="Getweathedetails" duration-ms="1738" started-at="2020-02-09T20:57:58Z" finished-at="2020-02-09T20:58:00Z">
          <reporter-output>
          </reporter-output>
        </test-method> <!-- Getweathedetails -->
      </class> <!-- com.test.GET_TC001 -->
    </test> <!-- Default test -->
  </suite> <!-- Default suite -->
</testng-results>
